[2020-04-15 14:31:04][CRITICAL] : Sable
[2020-04-15 14:31:09][WARNING] : Boisson
[2020-04-15 14:31:10][WARNING] : Jeux
[2020-04-15 14:31:11][CRITICAL] : Chant
[2020-04-15 14:31:11][WARNING] : Code
[2020-04-15 14:31:12][ERROR] : Danse
[2020-04-15 14:31:13][ERROR] : Danse
[2020-04-15 14:31:14][CRITICAL] : Clown
[2020-04-15 14:31:14][ERROR] : Nourriture
[2020-04-15 14:31:15][CRITICAL] : Soleil
[2020-04-15 15:22:16][WARNING] : Pluie
[2020-04-15 15:22:17][WARNING] : Soleil
[2020-04-15 15:22:18][ERROR] : Chant
[2020-04-15 15:22:20][WARNING] : C#
[2020-04-15 15:22:20][ERROR] : Boisson
[2020-04-15 15:22:29][ERROR] : Chant
[2020-04-15 15:22:29][CRITICAL] : Boisson
[2020-04-15 15:22:30][ERROR] : Moustache
[2020-04-15 15:22:30][ERROR] : Espoir
[2020-04-15 15:22:30][CRITICAL] : Jeux
[2020-04-15 15:22:30][ERROR] : Chant
[2020-04-15 15:22:31][WARNING] : Jeux
[2020-04-15 15:22:31][WARNING] : Nourriture
[2020-04-15 15:22:31][ERROR] : Sable
[2020-04-15 15:22:31][WARNING] : Neige
[2020-04-15 15:22:31][CRITICAL] : Moustache
[2020-04-15 15:22:31][CRITICAL] : Moustache
[2020-04-15 15:22:32][CRITICAL] : Code
[2020-04-15 15:22:41][CRITICAL] : Boisson
[2020-04-15 15:22:41][ERROR] : Jeux
[2020-04-15 15:22:42][WARNING] : Clown
[2020-04-15 15:22:42][CRITICAL] : Clown
[2020-04-15 15:22:42][WARNING] : Emitter
[2020-04-15 15:32:02][CRITICAL] : Clown
[2020-04-15 15:32:38][ERROR] : Moustache
[2020-04-15 15:32:44][ERROR] : C#
[2020-04-15 15:32:44][ERROR] : Jeux
[2020-04-15 15:32:44][CRITICAL] : Sable
[2020-04-15 15:33:00][WARNING] : Receiver
[2020-04-15 15:33:00][ERROR] : Nourriture
[2020-04-15 15:33:01][CRITICAL] : Soleil
[2020-04-15 15:33:01][WARNING] : Neige
